<?xml version="1.0" encoding="UTF-8"?>
<!-- Generated by org.testng.reporters.JUnitReportReporter -->
<testsuite hostname="INHYIZLP18520" failures="0" tests="1" name="com.mavendemo.test.Test" time="18.792" errors="0" timestamp="2020-11-29T20:12:12 IST" skipped="0">
  <testcase classname="com.mavendemo.test.Test" name="demo" time="18.792"/>
  <system-out/>
</testsuite> <!-- com.mavendemo.test.Test -->
